<?xml version="1.0" encoding="UTF-8"?>
<!-- Generated by org.testng.reporters.JUnitXMLReporter -->
<testsuite ignored="0" hostname="Samanvitha" failures="0" tests="3" name="Form Validation Tests" time="21.933" errors="0" timestamp="2026-04-27T22:04:44 IST">
  <testcase classname="tests.FormValidationTest" name="verifyLoginWithEmptyUsername" time="1.355"/>
  <testcase classname="tests.FormValidationTest" name="verifySignupFieldsRetainValues" time="2.424"/>
  <testcase classname="tests.FormValidationTest" name="verifySignupWithExistingUser" time="5.209"/>
</testsuite> <!-- Form Validation Tests -->
