<?xml version="1.0" encoding="UTF-8"?>
<testng-results ignored="0" total="10" passed="10" failed="0" skipped="0">
  <reporter-output>
  </reporter-output>
  <suite started-at="2026-04-27T22:03:25 IST" name="DemoBlaze Suite" finished-at="2026-04-27T22:04:44 IST" duration-ms="79464">
    <groups>
    </groups>
    <test started-at="2026-04-27T22:03:25 IST" name="Product Tests" finished-at="2026-04-27T22:03:35 IST" duration-ms="10396">
      <class name="tests.ProductTest">
        <test-method is-config="true" signature="setUp()[pri:0, instance:tests.ProductTest@4c2bb6e0]" started-at="2026-04-27T22:03:25 IST" name="setUp" finished-at="2026-04-27T22:03:31 IST" duration-ms="6470" status="PASS">
          <reporter-output>
          </reporter-output>
        </test-method> <!-- setUp -->
        <test-method signature="verifyProductSelection()[pri:0, instance:tests.ProductTest@4c2bb6e0]" started-at="2026-04-27T22:03:31 IST" name="verifyProductSelection" finished-at="2026-04-27T22:03:34 IST" duration-ms="2598" status="PASS">
          <reporter-output>
          </reporter-output>
        </test-method> <!-- verifyProductSelection -->
        <test-method is-config="true" signature="tearDown()[pri:0, instance:tests.ProductTest@4c2bb6e0]" started-at="2026-04-27T22:03:34 IST" name="tearDown" finished-at="2026-04-27T22:03:35 IST" duration-ms="1206" status="PASS">
          <reporter-output>
          </reporter-output>
        </test-method> <!-- tearDown -->
      </class> <!-- tests.ProductTest -->
    </test> <!-- Product Tests -->
    <test started-at="2026-04-27T22:03:25 IST" name="Auth Tests" finished-at="2026-04-27T22:03:55 IST" duration-ms="30072">
      <class name="tests.AuthTest">
        <test-method is-config="true" signature="setUp()[pri:0, instance:tests.AuthTest@38145825]" started-at="2026-04-27T22:03:25 IST" name="setUp" finished-at="2026-04-27T22:03:31 IST" duration-ms="6459" status="PASS">
          <reporter-output>
          </reporter-output>
        </test-method> <!-- setUp -->
        <test-method signature="verifyLogin(java.lang.String,java.lang.String)[pri:0, instance:tests.AuthTest@38145825]" started-at="2026-04-27T22:03:31 IST" name="verifyLogin" data-provider="loginData" finished-at="2026-04-27T22:03:45 IST" duration-ms="13603" status="PASS">
          <params>
            <param index="0">
              <value>
                <![CDATA[SamanvithaN]]>
              </value>
            </param>
            <param index="1">
              <value>
                <![CDATA[Password123]]>
              </value>
            </param>
          </params>
          <reporter-output>
          </reporter-output>
        </test-method> <!-- verifyLogin -->
        <test-method is-config="true" signature="tearDown()[pri:0, instance:tests.AuthTest@38145825]" started-at="2026-04-27T22:03:45 IST" name="tearDown" finished-at="2026-04-27T22:03:46 IST" duration-ms="1294" status="PASS">
          <reporter-output>
          </reporter-output>
        </test-method> <!-- tearDown -->
        <test-method is-config="true" signature="setUp()[pri:0, instance:tests.AuthTest@38145825]" started-at="2026-04-27T22:03:46 IST" name="setUp" finished-at="2026-04-27T22:03:51 IST" duration-ms="4874" status="PASS">
          <reporter-output>
          </reporter-output>
        </test-method> <!-- setUp -->
        <test-method signature="verifyLogin(java.lang.String,java.lang.String)[pri:0, instance:tests.AuthTest@38145825]" started-at="2026-04-27T22:03:51 IST" name="verifyLogin" data-provider="loginData" finished-at="2026-04-27T22:03:54 IST" duration-ms="2695" status="PASS">
          <params>
            <param index="0">
              <value>
                <![CDATA[invalidUser]]>
              </value>
            </param>
            <param index="1">
              <value>
                <![CDATA[wrongPass]]>
              </value>
            </param>
          </params>
          <reporter-output>
          </reporter-output>
        </test-method> <!-- verifyLogin -->
        <test-method is-config="true" signature="tearDown()[pri:0, instance:tests.AuthTest@38145825]" started-at="2026-04-27T22:03:54 IST" name="tearDown" finished-at="2026-04-27T22:03:55 IST" duration-ms="1025" status="PASS">
          <reporter-output>
          </reporter-output>
        </test-method> <!-- tearDown -->
      </class> <!-- tests.AuthTest -->
    </test> <!-- Auth Tests -->
    <test started-at="2026-04-27T22:03:55 IST" name="Order Tests" finished-at="2026-04-27T22:04:22 IST" duration-ms="27200">
      <class name="tests.OrderTest">
        <test-method is-config="true" signature="setUp()[pri:0, instance:tests.OrderTest@13df2a8c]" started-at="2026-04-27T22:03:55 IST" name="setUp" finished-at="2026-04-27T22:03:59 IST" duration-ms="3903" status="PASS">
          <reporter-output>
          </reporter-output>
        </test-method> <!-- setUp -->
        <test-method signature="verifyOrderWithEmptyFields()[pri:0, instance:tests.OrderTest@13df2a8c]" started-at="2026-04-27T22:03:59 IST" name="verifyOrderWithEmptyFields" finished-at="2026-04-27T22:04:06 IST" duration-ms="7238" status="PASS">
          <reporter-output>
          </reporter-output>
        </test-method> <!-- verifyOrderWithEmptyFields -->
        <test-method is-config="true" signature="tearDown()[pri:0, instance:tests.OrderTest@13df2a8c]" started-at="2026-04-27T22:04:06 IST" name="tearDown" finished-at="2026-04-27T22:04:07 IST" duration-ms="1138" status="PASS">
          <reporter-output>
          </reporter-output>
        </test-method> <!-- tearDown -->
        <test-method is-config="true" signature="setUp()[pri:0, instance:tests.OrderTest@13df2a8c]" started-at="2026-04-27T22:04:07 IST" name="setUp" finished-at="2026-04-27T22:04:12 IST" duration-ms="5253" status="PASS">
          <reporter-output>
          </reporter-output>
        </test-method> <!-- setUp -->
        <test-method signature="verifySuccessfulOrderPlacement()[pri:0, instance:tests.OrderTest@13df2a8c]" started-at="2026-04-27T22:04:12 IST" name="verifySuccessfulOrderPlacement" finished-at="2026-04-27T22:04:21 IST" duration-ms="8283" status="PASS">
          <reporter-output>
          </reporter-output>
        </test-method> <!-- verifySuccessfulOrderPlacement -->
        <test-method is-config="true" signature="tearDown()[pri:0, instance:tests.OrderTest@13df2a8c]" started-at="2026-04-27T22:04:21 IST" name="tearDown" finished-at="2026-04-27T22:04:22 IST" duration-ms="1329" status="PASS">
          <reporter-output>
          </reporter-output>
        </test-method> <!-- tearDown -->
      </class> <!-- tests.OrderTest -->
    </test> <!-- Order Tests -->
    <test started-at="2026-04-27T22:03:37 IST" name="Cart Tests" finished-at="2026-04-27T22:04:25 IST" duration-ms="47803">
      <class name="tests.CartTest">
        <test-method is-config="true" signature="setUp()[pri:0, instance:tests.CartTest@4bff7da0]" started-at="2026-04-27T22:03:37 IST" name="setUp" finished-at="2026-04-27T22:03:40 IST" duration-ms="3408" status="PASS">
          <reporter-output>
          </reporter-output>
        </test-method> <!-- setUp -->
        <test-method signature="verifyAddProductToCart()[pri:0, instance:tests.CartTest@4bff7da0]" started-at="2026-04-27T22:03:40 IST" name="verifyAddProductToCart" finished-at="2026-04-27T22:03:46 IST" duration-ms="5734" status="PASS">
          <reporter-output>
          </reporter-output>
        </test-method> <!-- verifyAddProductToCart -->
        <test-method is-config="true" signature="tearDown()[pri:0, instance:tests.CartTest@4bff7da0]" started-at="2026-04-27T22:03:46 IST" name="tearDown" finished-at="2026-04-27T22:03:48 IST" duration-ms="1528" status="PASS">
          <reporter-output>
          </reporter-output>
        </test-method> <!-- tearDown -->
        <test-method is-config="true" signature="setUp()[pri:0, instance:tests.CartTest@4bff7da0]" started-at="2026-04-27T22:03:48 IST" name="setUp" finished-at="2026-04-27T22:03:51 IST" duration-ms="3654" status="PASS">
          <reporter-output>
          </reporter-output>
        </test-method> <!-- setUp -->
        <test-method signature="verifyDeleteProductFromCart()[pri:0, instance:tests.CartTest@4bff7da0]" started-at="2026-04-27T22:03:51 IST" name="verifyDeleteProductFromCart" finished-at="2026-04-27T22:04:23 IST" duration-ms="31760" status="PASS">
          <reporter-output>
          </reporter-output>
        </test-method> <!-- verifyDeleteProductFromCart -->
        <test-method is-config="true" signature="tearDown()[pri:0, instance:tests.CartTest@4bff7da0]" started-at="2026-04-27T22:04:23 IST" name="tearDown" finished-at="2026-04-27T22:04:25 IST" duration-ms="1684" status="PASS">
          <reporter-output>
          </reporter-output>
        </test-method> <!-- tearDown -->
      </class> <!-- tests.CartTest -->
    </test> <!-- Cart Tests -->
    <test started-at="2026-04-27T22:04:22 IST" name="Form Validation Tests" finished-at="2026-04-27T22:04:44 IST" duration-ms="21933">
      <class name="tests.FormValidationTest">
        <test-method is-config="true" signature="setUp()[pri:0, instance:tests.FormValidationTest@478db956]" started-at="2026-04-27T22:04:22 IST" name="setUp" finished-at="2026-04-27T22:04:26 IST" duration-ms="4045" status="PASS">
          <reporter-output>
          </reporter-output>
        </test-method> <!-- setUp -->
        <test-method signature="verifyLoginWithEmptyUsername()[pri:0, instance:tests.FormValidationTest@478db956]" started-at="2026-04-27T22:04:26 IST" name="verifyLoginWithEmptyUsername" finished-at="2026-04-27T22:04:28 IST" duration-ms="1355" status="PASS">
          <reporter-output>
          </reporter-output>
        </test-method> <!-- verifyLoginWithEmptyUsername -->
        <test-method is-config="true" signature="tearDown()[pri:0, instance:tests.FormValidationTest@478db956]" started-at="2026-04-27T22:04:28 IST" name="tearDown" finished-at="2026-04-27T22:04:29 IST" duration-ms="1030" status="PASS">
          <reporter-output>
          </reporter-output>
        </test-method> <!-- tearDown -->
        <test-method is-config="true" signature="setUp()[pri:0, instance:tests.FormValidationTest@478db956]" started-at="2026-04-27T22:04:29 IST" name="setUp" finished-at="2026-04-27T22:04:32 IST" duration-ms="3524" status="PASS">
          <reporter-output>
          </reporter-output>
        </test-method> <!-- setUp -->
        <test-method signature="verifySignupFieldsRetainValues()[pri:0, instance:tests.FormValidationTest@478db956]" started-at="2026-04-27T22:04:32 IST" name="verifySignupFieldsRetainValues" finished-at="2026-04-27T22:04:35 IST" duration-ms="2424" status="PASS">
          <reporter-output>
          </reporter-output>
        </test-method> <!-- verifySignupFieldsRetainValues -->
        <test-method is-config="true" signature="tearDown()[pri:0, instance:tests.FormValidationTest@478db956]" started-at="2026-04-27T22:04:35 IST" name="tearDown" finished-at="2026-04-27T22:04:36 IST" duration-ms="977" status="PASS">
          <reporter-output>
          </reporter-output>
        </test-method> <!-- tearDown -->
        <test-method is-config="true" signature="setUp()[pri:0, instance:tests.FormValidationTest@478db956]" started-at="2026-04-27T22:04:36 IST" name="setUp" finished-at="2026-04-27T22:04:38 IST" duration-ms="2235" status="PASS">
          <reporter-output>
          </reporter-output>
        </test-method> <!-- setUp -->
        <test-method signature="verifySignupWithExistingUser()[pri:0, instance:tests.FormValidationTest@478db956]" started-at="2026-04-27T22:04:38 IST" name="verifySignupWithExistingUser" finished-at="2026-04-27T22:04:43 IST" duration-ms="5209" status="PASS">
          <reporter-output>
          </reporter-output>
        </test-method> <!-- verifySignupWithExistingUser -->
        <test-method is-config="true" signature="tearDown()[pri:0, instance:tests.FormValidationTest@478db956]" started-at="2026-04-27T22:04:43 IST" name="tearDown" finished-at="2026-04-27T22:04:44 IST" duration-ms="1104" status="PASS">
          <reporter-output>
          </reporter-output>
        </test-method> <!-- tearDown -->
      </class> <!-- tests.FormValidationTest -->
    </test> <!-- Form Validation Tests -->
  </suite> <!-- DemoBlaze Suite -->
</testng-results>
